2026-03-30 14:14:50,959 [Worker-5: Loading available Gradle versions] INFO  o.e.b.c.i.u.g.PublishedGradleVersions - Gradle version information cache is up-to-date. Trying to read.
2026-03-30 14:16:56,663 [Worker-31: Launching mavenrun-d757ca4d-7c03-4c48-9f71-987d885ecfae] INFO  o.eclipse.m2e.core.internal.Bundles - getClasspathEntries(Bundle=org.eclipse.m2e.maven.runtime_3.9.700.20240602-2313 [644])
2026-03-30 14:16:56,670 [Worker-31: Launching mavenrun-d757ca4d-7c03-4c48-9f71-987d885ecfae] INFO  o.eclipse.m2e.core.internal.Bundles - 	Entry: C:\Users\Reshma\.p2\pool\plugins\org.eclipse.m2e.maven.runtime_3.9.700.20240602-2313
2026-03-30 14:16:56,671 [Worker-31: Launching mavenrun-d757ca4d-7c03-4c48-9f71-987d885ecfae] INFO  o.eclipse.m2e.core.internal.Bundles - 	Entry: C:\Users\Reshma\.p2\pool\plugins\org.eclipse.m2e.maven.runtime_3.9.700.20240602-2313\jars\aopalliance-1.0.jar
2026-03-30 14:16:56,673 [Worker-31: Launching mavenrun-d757ca4d-7c03-4c48-9f71-987d885ecfae] INFO  o.eclipse.m2e.core.internal.Bundles - 	Entry: C:\Users\Reshma\.p2\pool\plugins\org.eclipse.m2e.maven.runtime_3.9.700.20240602-2313\jars\guice-5.1.0.jar
2026-03-30 14:16:56,673 [Worker-31: Launching mavenrun-d757ca4d-7c03-4c48-9f71-987d885ecfae] INFO  o.eclipse.m2e.core.internal.Bundles - 	Entry: C:\Users\Reshma\.p2\pool\plugins\org.eclipse.m2e.maven.runtime_3.9.700.20240602-2313\jars\httpclient-4.5.14.jar
2026-03-30 14:16:56,673 [Worker-31: Launching mavenrun-d757ca4d-7c03-4c48-9f71-987d885ecfae] INFO  o.eclipse.m2e.core.internal.Bundles - 	Entry: C:\Users\Reshma\.p2\pool\plugins\org.eclipse.m2e.maven.runtime_3.9.700.20240602-2313\jars\httpcore-4.4.16.jar
2026-03-30 14:16:56,674 [Worker-31: Launching mavenrun-d757ca4d-7c03-4c48-9f71-987d885ecfae] INFO  o.eclipse.m2e.core.internal.Bundles - 	Entry: C:\Users\Reshma\.p2\pool\plugins\org.eclipse.m2e.maven.runtime_3.9.700.20240602-2313\jars\jansi-2.4.1.jar
2026-03-30 14:16:56,674 [Worker-31: Launching mavenrun-d757ca4d-7c03-4c48-9f71-987d885ecfae] INFO  o.eclipse.m2e.core.internal.Bundles - 	Entry: C:\Users\Reshma\.p2\pool\plugins\org.eclipse.m2e.maven.runtime_3.9.700.20240602-2313\jars\jcl-over-slf4j-1.7.36.jar
2026-03-30 14:16:56,675 [Worker-31: Launching mavenrun-d757ca4d-7c03-4c48-9f71-987d885ecfae] INFO  o.eclipse.m2e.core.internal.Bundles - 	Entry: C:\Users\Reshma\.p2\pool\plugins\org.eclipse.m2e.maven.runtime_3.9.700.20240602-2313\jars\maven-artifact-3.9.7.jar
2026-03-30 14:16:56,675 [Worker-31: Launching mavenrun-d757ca4d-7c03-4c48-9f71-987d885ecfae] INFO  o.eclipse.m2e.core.internal.Bundles - 	Entry: C:\Users\Reshma\.p2\pool\plugins\org.eclipse.m2e.maven.runtime_3.9.700.20240602-2313\jars\maven-builder-support-3.9.7.jar
2026-03-30 14:16:56,676 [Worker-31: Launching mavenrun-d757ca4d-7c03-4c48-9f71-987d885ecfae] INFO  o.eclipse.m2e.core.internal.Bundles - 	Entry: C:\Users\Reshma\.p2\pool\plugins\org.eclipse.m2e.maven.runtime_3.9.700.20240602-2313\jars\maven-compat-3.9.7.jar
2026-03-30 14:16:56,676 [Worker-31: Launching mavenrun-d757ca4d-7c03-4c48-9f71-987d885ecfae] INFO  o.eclipse.m2e.core.internal.Bundles - 	Entry: C:\Users\Reshma\.p2\pool\plugins\org.eclipse.m2e.maven.runtime_3.9.700.20240602-2313\jars\maven-core-3.9.7.jar
2026-03-30 14:16:56,676 [Worker-31: Launching mavenrun-d757ca4d-7c03-4c48-9f71-987d885ecfae] INFO  o.eclipse.m2e.core.internal.Bundles - 	Entry: C:\Users\Reshma\.p2\pool\plugins\org.eclipse.m2e.maven.runtime_3.9.700.20240602-2313\jars\maven-embedder-3.9.7.jar
2026-03-30 14:16:56,677 [Worker-31: Launching mavenrun-d757ca4d-7c03-4c48-9f71-987d885ecfae] INFO  o.eclipse.m2e.core.internal.Bundles - 	Entry: C:\Users\Reshma\.p2\pool\plugins\org.eclipse.m2e.maven.runtime_3.9.700.20240602-2313\jars\maven-model-3.9.7.jar
2026-03-30 14:16:56,677 [Worker-31: Launching mavenrun-d757ca4d-7c03-4c48-9f71-987d885ecfae] INFO  o.eclipse.m2e.core.internal.Bundles - 	Entry: C:\Users\Reshma\.p2\pool\plugins\org.eclipse.m2e.maven.runtime_3.9.700.20240602-2313\jars\maven-model-builder-3.9.7.jar
2026-03-30 14:16:56,677 [Worker-31: Launching mavenrun-d757ca4d-7c03-4c48-9f71-987d885ecfae] INFO  o.eclipse.m2e.core.internal.Bundles - 	Entry: C:\Users\Reshma\.p2\pool\plugins\org.eclipse.m2e.maven.runtime_3.9.700.20240602-2313\jars\maven-plugin-api-3.9.7.jar
2026-03-30 14:16:56,678 [Worker-31: Launching mavenrun-d757ca4d-7c03-4c48-9f71-987d885ecfae] INFO  o.eclipse.m2e.core.internal.Bundles - 	Entry: C:\Users\Reshma\.p2\pool\plugins\org.eclipse.m2e.maven.runtime_3.9.700.20240602-2313\jars\maven-repository-metadata-3.9.7.jar
2026-03-30 14:16:56,678 [Worker-31: Launching mavenrun-d757ca4d-7c03-4c48-9f71-987d885ecfae] INFO  o.eclipse.m2e.core.internal.Bundles - 	Entry: C:\Users\Reshma\.p2\pool\plugins\org.eclipse.m2e.maven.runtime_3.9.700.20240602-2313\jars\maven-resolver-api-1.9.20.jar
2026-03-30 14:16:56,679 [Worker-31: Launching mavenrun-d757ca4d-7c03-4c48-9f71-987d885ecfae] INFO  o.eclipse.m2e.core.internal.Bundles - 	Entry: C:\Users\Reshma\.p2\pool\plugins\org.eclipse.m2e.maven.runtime_3.9.700.20240602-2313\jars\maven-resolver-connector-basic-1.9.20.jar
2026-03-30 14:16:56,680 [Worker-31: Launching mavenrun-d757ca4d-7c03-4c48-9f71-987d885ecfae] INFO  o.eclipse.m2e.core.internal.Bundles - 	Entry: C:\Users\Reshma\.p2\pool\plugins\org.eclipse.m2e.maven.runtime_3.9.700.20240602-2313\jars\maven-resolver-impl-1.9.20.jar
2026-03-30 14:16:56,680 [Worker-31: Launching mavenrun-d757ca4d-7c03-4c48-9f71-987d885ecfae] INFO  o.eclipse.m2e.core.internal.Bundles - 	Entry: C:\Users\Reshma\.p2\pool\plugins\org.eclipse.m2e.maven.runtime_3.9.700.20240602-2313\jars\maven-resolver-named-locks-1.9.20.jar
2026-03-30 14:16:56,681 [Worker-31: Launching mavenrun-d757ca4d-7c03-4c48-9f71-987d885ecfae] INFO  o.eclipse.m2e.core.internal.Bundles - 	Entry: C:\Users\Reshma\.p2\pool\plugins\org.eclipse.m2e.maven.runtime_3.9.700.20240602-2313\jars\maven-resolver-provider-3.9.7.jar
2026-03-30 14:16:56,681 [Worker-31: Launching mavenrun-d757ca4d-7c03-4c48-9f71-987d885ecfae] INFO  o.eclipse.m2e.core.internal.Bundles - 	Entry: C:\Users\Reshma\.p2\pool\plugins\org.eclipse.m2e.maven.runtime_3.9.700.20240602-2313\jars\maven-resolver-spi-1.9.20.jar
2026-03-30 14:16:56,681 [Worker-31: Launching mavenrun-d757ca4d-7c03-4c48-9f71-987d885ecfae] INFO  o.eclipse.m2e.core.internal.Bundles - 	Entry: C:\Users\Reshma\.p2\pool\plugins\org.eclipse.m2e.maven.runtime_3.9.700.20240602-2313\jars\maven-resolver-transport-file-1.9.20.jar
2026-03-30 14:16:56,682 [Worker-31: Launching mavenrun-d757ca4d-7c03-4c48-9f71-987d885ecfae] INFO  o.eclipse.m2e.core.internal.Bundles - 	Entry: C:\Users\Reshma\.p2\pool\plugins\org.eclipse.m2e.maven.runtime_3.9.700.20240602-2313\jars\maven-resolver-transport-http-1.9.20.jar
2026-03-30 14:16:56,682 [Worker-31: Launching mavenrun-d757ca4d-7c03-4c48-9f71-987d885ecfae] INFO  o.eclipse.m2e.core.internal.Bundles - 	Entry: C:\Users\Reshma\.p2\pool\plugins\org.eclipse.m2e.maven.runtime_3.9.700.20240602-2313\jars\maven-resolver-transport-wagon-1.9.20.jar
2026-03-30 14:16:56,682 [Worker-31: Launching mavenrun-d757ca4d-7c03-4c48-9f71-987d885ecfae] INFO  o.eclipse.m2e.core.internal.Bundles - 	Entry: C:\Users\Reshma\.p2\pool\plugins\org.eclipse.m2e.maven.runtime_3.9.700.20240602-2313\jars\maven-resolver-util-1.9.20.jar
2026-03-30 14:16:56,683 [Worker-31: Launching mavenrun-d757ca4d-7c03-4c48-9f71-987d885ecfae] INFO  o.eclipse.m2e.core.internal.Bundles - 	Entry: C:\Users\Reshma\.p2\pool\plugins\org.eclipse.m2e.maven.runtime_3.9.700.20240602-2313\jars\maven-settings-3.9.7.jar
2026-03-30 14:16:56,683 [Worker-31: Launching mavenrun-d757ca4d-7c03-4c48-9f71-987d885ecfae] INFO  o.eclipse.m2e.core.internal.Bundles - 	Entry: C:\Users\Reshma\.p2\pool\plugins\org.eclipse.m2e.maven.runtime_3.9.700.20240602-2313\jars\maven-settings-builder-3.9.7.jar
2026-03-30 14:16:56,683 [Worker-31: Launching mavenrun-d757ca4d-7c03-4c48-9f71-987d885ecfae] INFO  o.eclipse.m2e.core.internal.Bundles - 	Entry: C:\Users\Reshma\.p2\pool\plugins\org.eclipse.m2e.maven.runtime_3.9.700.20240602-2313\jars\maven-shared-utils-3.4.2.jar
2026-03-30 14:16:56,684 [Worker-31: Launching mavenrun-d757ca4d-7c03-4c48-9f71-987d885ecfae] INFO  o.eclipse.m2e.core.internal.Bundles - 	Entry: C:\Users\Reshma\.p2\pool\plugins\org.eclipse.m2e.maven.runtime_3.9.700.20240602-2313\jars\org.eclipse.sisu.inject-0.9.0.M2.jar
2026-03-30 14:16:56,685 [Worker-31: Launching mavenrun-d757ca4d-7c03-4c48-9f71-987d885ecfae] INFO  o.eclipse.m2e.core.internal.Bundles - 	Entry: C:\Users\Reshma\.p2\pool\plugins\org.eclipse.m2e.maven.runtime_3.9.700.20240602-2313\jars\org.eclipse.sisu.plexus-0.9.0.M2.jar
2026-03-30 14:16:56,685 [Worker-31: Launching mavenrun-d757ca4d-7c03-4c48-9f71-987d885ecfae] INFO  o.eclipse.m2e.core.internal.Bundles - 	Entry: C:\Users\Reshma\.p2\pool\plugins\org.eclipse.m2e.maven.runtime_3.9.700.20240602-2313\jars\plexus-build-api-0.0.7.jar
2026-03-30 14:16:56,685 [Worker-31: Launching mavenrun-d757ca4d-7c03-4c48-9f71-987d885ecfae] INFO  o.eclipse.m2e.core.internal.Bundles - 	Entry: C:\Users\Reshma\.p2\pool\plugins\org.eclipse.m2e.maven.runtime_3.9.700.20240602-2313\jars\plexus-build-api-1.2.0.jar
2026-03-30 14:16:56,686 [Worker-31: Launching mavenrun-d757ca4d-7c03-4c48-9f71-987d885ecfae] INFO  o.eclipse.m2e.core.internal.Bundles - 	Entry: C:\Users\Reshma\.p2\pool\plugins\org.eclipse.m2e.maven.runtime_3.9.700.20240602-2313\jars\plexus-cipher-2.0.jar
2026-03-30 14:16:56,686 [Worker-31: Launching mavenrun-d757ca4d-7c03-4c48-9f71-987d885ecfae] INFO  o.eclipse.m2e.core.internal.Bundles - 	Entry: C:\Users\Reshma\.p2\pool\plugins\org.eclipse.m2e.maven.runtime_3.9.700.20240602-2313\jars\plexus-classworlds-2.8.0.jar
2026-03-30 14:16:56,686 [Worker-31: Launching mavenrun-d757ca4d-7c03-4c48-9f71-987d885ecfae] INFO  o.eclipse.m2e.core.internal.Bundles - 	Entry: C:\Users\Reshma\.p2\pool\plugins\org.eclipse.m2e.maven.runtime_3.9.700.20240602-2313\jars\plexus-component-annotations-2.1.0.jar
2026-03-30 14:16:56,687 [Worker-31: Launching mavenrun-d757ca4d-7c03-4c48-9f71-987d885ecfae] INFO  o.eclipse.m2e.core.internal.Bundles - 	Entry: C:\Users\Reshma\.p2\pool\plugins\org.eclipse.m2e.maven.runtime_3.9.700.20240602-2313\jars\plexus-interpolation-1.27.jar
2026-03-30 14:16:56,687 [Worker-31: Launching mavenrun-d757ca4d-7c03-4c48-9f71-987d885ecfae] INFO  o.eclipse.m2e.core.internal.Bundles - 	Entry: C:\Users\Reshma\.p2\pool\plugins\org.eclipse.m2e.maven.runtime_3.9.700.20240602-2313\jars\plexus-sec-dispatcher-2.0.jar
2026-03-30 14:16:56,688 [Worker-31: Launching mavenrun-d757ca4d-7c03-4c48-9f71-987d885ecfae] INFO  o.eclipse.m2e.core.internal.Bundles - 	Entry: C:\Users\Reshma\.p2\pool\plugins\org.eclipse.m2e.maven.runtime_3.9.700.20240602-2313\jars\plexus-utils-3.5.1.jar
2026-03-30 14:16:56,688 [Worker-31: Launching mavenrun-d757ca4d-7c03-4c48-9f71-987d885ecfae] INFO  o.eclipse.m2e.core.internal.Bundles - 	Entry: C:\Users\Reshma\.p2\pool\plugins\org.eclipse.m2e.maven.runtime_3.9.700.20240602-2313\jars\wagon-file-3.5.3.jar
2026-03-30 14:16:56,688 [Worker-31: Launching mavenrun-d757ca4d-7c03-4c48-9f71-987d885ecfae] INFO  o.eclipse.m2e.core.internal.Bundles - 	Entry: C:\Users\Reshma\.p2\pool\plugins\org.eclipse.m2e.maven.runtime_3.9.700.20240602-2313\jars\wagon-http-3.5.3.jar
2026-03-30 14:16:56,688 [Worker-31: Launching mavenrun-d757ca4d-7c03-4c48-9f71-987d885ecfae] INFO  o.eclipse.m2e.core.internal.Bundles - 	Entry: C:\Users\Reshma\.p2\pool\plugins\org.eclipse.m2e.maven.runtime_3.9.700.20240602-2313\jars\wagon-http-shared-3.5.3.jar
2026-03-30 14:16:56,689 [Worker-31: Launching mavenrun-d757ca4d-7c03-4c48-9f71-987d885ecfae] INFO  o.eclipse.m2e.core.internal.Bundles - 	Entry: C:\Users\Reshma\.p2\pool\plugins\org.eclipse.m2e.maven.runtime_3.9.700.20240602-2313\jars\wagon-provider-api-3.5.3.jar
2026-03-30 14:16:56,693 [Worker-31: Launching mavenrun-d757ca4d-7c03-4c48-9f71-987d885ecfae] INFO  o.eclipse.m2e.core.internal.Bundles - getClasspathEntries(Bundle=com.google.guava_33.2.0.jre [16])
2026-03-30 14:16:56,694 [Worker-31: Launching mavenrun-d757ca4d-7c03-4c48-9f71-987d885ecfae] INFO  o.eclipse.m2e.core.internal.Bundles - 	Entry: C:\Users\Reshma\.p2\pool\plugins\com.google.guava_33.2.0.jre.jar
2026-03-30 14:16:56,695 [Worker-31: Launching mavenrun-d757ca4d-7c03-4c48-9f71-987d885ecfae] INFO  o.eclipse.m2e.core.internal.Bundles - getClasspathEntries(Bundle=slf4j.api_2.0.13 [1009])
2026-03-30 14:16:56,696 [Worker-31: Launching mavenrun-d757ca4d-7c03-4c48-9f71-987d885ecfae] INFO  o.eclipse.m2e.core.internal.Bundles - 	Entry: C:\Users\Reshma\.p2\pool\plugins\slf4j.api_2.0.13.jar
2026-03-30 14:16:56,697 [Worker-31: Launching mavenrun-d757ca4d-7c03-4c48-9f71-987d885ecfae] INFO  o.eclipse.m2e.core.internal.Bundles - getClasspathEntries(Bundle=jakarta.inject.jakarta.inject-api_1.0.5 [33])
2026-03-30 14:16:56,698 [Worker-31: Launching mavenrun-d757ca4d-7c03-4c48-9f71-987d885ecfae] INFO  o.eclipse.m2e.core.internal.Bundles - 	Entry: C:\Users\Reshma\.p2\pool\plugins\jakarta.inject.jakarta.inject-api_1.0.5.jar
2026-03-30 14:16:56,698 [Worker-31: Launching mavenrun-d757ca4d-7c03-4c48-9f71-987d885ecfae] INFO  o.eclipse.m2e.core.internal.Bundles - getClasspathEntries(Bundle=javax.annotation_1.3.5.v20200909-1856 [44])
2026-03-30 14:16:56,699 [Worker-31: Launching mavenrun-d757ca4d-7c03-4c48-9f71-987d885ecfae] INFO  o.eclipse.m2e.core.internal.Bundles - 	Entry: C:\Users\Reshma\.p2\pool\plugins\javax.annotation_1.3.5.v20200909-1856.jar
2026-03-30 14:16:56,700 [Worker-31: Launching mavenrun-d757ca4d-7c03-4c48-9f71-987d885ecfae] INFO  o.eclipse.m2e.core.internal.Bundles - getClasspathEntries(Bundle=org.apache.commons.cli_1.8.0 [78])
2026-03-30 14:16:56,701 [Worker-31: Launching mavenrun-d757ca4d-7c03-4c48-9f71-987d885ecfae] INFO  o.eclipse.m2e.core.internal.Bundles - 	Entry: C:\Users\Reshma\.p2\pool\plugins\org.apache.commons.cli_1.8.0.jar
2026-03-30 14:16:56,702 [Worker-31: Launching mavenrun-d757ca4d-7c03-4c48-9f71-987d885ecfae] INFO  o.eclipse.m2e.core.internal.Bundles - getClasspathEntries(Bundle=org.apache.commons.commons-codec_1.16.0 [81])
2026-03-30 14:16:56,703 [Worker-31: Launching mavenrun-d757ca4d-7c03-4c48-9f71-987d885ecfae] INFO  o.eclipse.m2e.core.internal.Bundles - 	Entry: C:\Users\Reshma\.p2\pool\plugins\org.apache.commons.commons-codec_1.16.0.jar
2026-03-30 14:16:56,703 [Worker-31: Launching mavenrun-d757ca4d-7c03-4c48-9f71-987d885ecfae] INFO  o.eclipse.m2e.core.internal.Bundles - getClasspathEntries(Bundle=org.apache.commons.lang3_3.14.0 [89])
2026-03-30 14:16:56,705 [Worker-31: Launching mavenrun-d757ca4d-7c03-4c48-9f71-987d885ecfae] INFO  o.eclipse.m2e.core.internal.Bundles - 	Entry: C:\Users\Reshma\.p2\pool\plugins\org.apache.commons.lang3_3.14.0.jar
2026-03-30 14:16:56,705 [Worker-31: Launching mavenrun-d757ca4d-7c03-4c48-9f71-987d885ecfae] INFO  o.eclipse.m2e.core.internal.Bundles - getClasspathEntries(Bundle=com.google.guava.failureaccess_1.0.2 [17])
2026-03-30 14:16:56,706 [Worker-31: Launching mavenrun-d757ca4d-7c03-4c48-9f71-987d885ecfae] INFO  o.eclipse.m2e.core.internal.Bundles - 	Entry: C:\Users\Reshma\.p2\pool\plugins\com.google.guava.failureaccess_1.0.2.jar
2026-03-30 14:16:56,724 [Worker-31: Launching mavenrun-d757ca4d-7c03-4c48-9f71-987d885ecfae] INFO  o.e.m.i.launch.MavenLaunchDelegate - Run build in "C:\Users\Reshma\AppData\Local\Temp\m2e-archetypeGenerator9837681220589640843":
2026-03-30 14:16:56,733 [Worker-31: Launching mavenrun-d757ca4d-7c03-4c48-9f71-987d885ecfae] INFO  o.e.m.i.launch.MavenLaunchDelegate -  mvn  -DarchetypeGroupId=org.apache.maven.archetypes -DarchetypeArtifactId=maven-archetype-quickstart -DarchetypeVersion=1.1 -DgroupId=seleniumBasic -DartifactId=selenium -Dversion=0.0.1-SNAPSHOT -Dpackage=seleniumBasic.selenium -DoutputDirectory=D:\SeleniumBasics -Dstyle.color=always -U archetype:generate
2026-03-30 14:17:30,397 [Worker-15: Creating maven-archetype-quickstart] INFO  o.e.m.c.i.p.ProjectConfigurationManager - Collecting project info '/pom.xml' D:\SeleniumBasics\selenium\pom.xml
2026-03-30 14:17:31,714 [Worker-15: Creating maven-archetype-quickstart] INFO  o.e.m.c.i.l.LifecycleMappingFactory - Using org.eclipse.m2e.jdt.JarLifecycleMapping lifecycle mapping for MavenProject: seleniumBasic:selenium:0.0.1-SNAPSHOT @ D:\SeleniumBasics\selenium\pom.xml.
2026-03-30 14:17:31,864 [Worker-15: Creating maven-archetype-quickstart] INFO  o.e.m.c.i.e.AbstractTransferListenerAdapter - Downloading https://repo.maven.apache.org/maven2/junit/junit/3.8.1/junit-3.8.1.jar
2026-03-30 14:17:31,947 [Worker-15: Creating maven-archetype-quickstart] INFO  o.e.m.c.i.e.AbstractTransferListenerAdapter - Downloaded https://repo.maven.apache.org/maven2/junit/junit/3.8.1/junit-3.8.1.jar
2026-03-30 14:17:32,890 [Worker-15: Creating maven-archetype-quickstart] INFO  o.e.m.j.i.AbstractJavaProjectConfigurator - Adding source folder /selenium/src/main/java
2026-03-30 14:17:32,893 [Worker-15: Creating maven-archetype-quickstart] INFO  o.e.m.j.i.AbstractJavaProjectConfigurator - Adding resource folder /selenium/src/main/resources
2026-03-30 14:17:32,899 [Worker-15: Creating maven-archetype-quickstart] INFO  o.e.m.j.i.AbstractJavaProjectConfigurator - Adding source folder /selenium/src/test/java
2026-03-30 14:17:32,900 [Worker-15: Creating maven-archetype-quickstart] INFO  o.e.m.j.i.AbstractJavaProjectConfigurator - Adding resource folder /selenium/src/test/resources
2026-03-30 14:17:33,078 [Worker-15: Creating maven-archetype-quickstart] INFO  o.e.m.c.i.p.ProjectConfigurationManager - Imported and configured 1 project(s) in 2 sec
2026-03-30 14:17:33,803 [Worker-34: Download sources and javadoc] INFO  o.e.m.c.i.e.AbstractTransferListenerAdapter - Downloading https://repo.maven.apache.org/maven2/junit/junit/3.8.1/junit-3.8.1-sources.jar
2026-03-30 14:17:33,872 [Worker-34: Download sources and javadoc] INFO  o.e.m.c.i.e.AbstractTransferListenerAdapter - Downloaded https://repo.maven.apache.org/maven2/junit/junit/3.8.1/junit-3.8.1-sources.jar
2026-03-30 14:17:33,881 [Worker-34: Download sources and javadoc] INFO  o.e.m.j.internal.DownloadSourcesJob - Downloaded sources for junit:junit:3.8.1
2026-03-30 14:17:34,528 [Worker-20: Building] INFO  o.a.m.s.f.DefaultMavenResourcesFiltering - skip non existing resourceDirectory D:\SeleniumBasics\selenium\src\main\resources
2026-03-30 14:17:34,535 [Worker-20: Building] INFO  o.a.m.s.f.DefaultMavenResourcesFiltering - skip non existing resourceDirectory D:\SeleniumBasics\selenium\src\test\resources
2026-03-30 14:18:02,610 [Worker-31: Building] INFO  o.e.m.c.i.l.LifecycleMappingFactory - Using org.eclipse.m2e.jdt.JarLifecycleMapping lifecycle mapping for MavenProject: seleniumBasic:selenium:0.0.1-SNAPSHOT @ D:\SeleniumBasics\selenium\pom.xml.
2026-03-30 14:18:07,982 [Worker-31: Building] INFO  o.a.m.s.f.DefaultMavenResourcesFiltering - skip non existing resourceDirectory D:\SeleniumBasics\selenium\src\main\resources
2026-03-30 14:18:07,987 [Worker-31: Building] INFO  o.a.m.s.f.DefaultMavenResourcesFiltering - skip non existing resourceDirectory D:\SeleniumBasics\selenium\src\test\resources
2026-03-30 14:18:09,662 [Worker-34: Building] INFO  o.a.m.s.f.DefaultMavenResourcesFiltering - skip non existing resourceDirectory D:\SeleniumBasics\selenium\src\main\resources
2026-03-30 14:18:09,665 [Worker-34: Building] INFO  o.a.m.s.f.DefaultMavenResourcesFiltering - skip non existing resourceDirectory D:\SeleniumBasics\selenium\src\test\resources
2026-03-30 14:18:52,351 [Worker-36: Building] INFO  o.a.m.s.f.DefaultMavenResourcesFiltering - skip non existing resourceDirectory D:\SeleniumBasics\selenium\src\main\resources
2026-03-30 14:18:52,357 [Worker-36: Building] INFO  o.a.m.s.f.DefaultMavenResourcesFiltering - skip non existing resourceDirectory D:\SeleniumBasics\selenium\src\test\resources
2026-03-30 14:24:31,022 [Worker-34: Launching TestScript] INFO  o.a.m.s.f.DefaultMavenResourcesFiltering - skip non existing resourceDirectory D:\SeleniumBasics\selenium\src\main\resources
2026-03-30 14:24:31,028 [Worker-34: Launching TestScript] INFO  o.a.m.s.f.DefaultMavenResourcesFiltering - skip non existing resourceDirectory D:\SeleniumBasics\selenium\src\test\resources
2026-03-30 14:26:05,152 [Worker-35: Building] INFO  o.a.m.s.f.DefaultMavenResourcesFiltering - skip non existing resourceDirectory D:\SeleniumBasics\selenium\src\main\resources
2026-03-30 14:26:05,158 [Worker-35: Building] INFO  o.a.m.s.f.DefaultMavenResourcesFiltering - skip non existing resourceDirectory D:\SeleniumBasics\selenium\src\test\resources
2026-03-30 14:37:35,883 [Worker-1: Loading available Gradle versions] INFO  o.e.b.c.i.u.g.PublishedGradleVersions - Gradle version information cache is up-to-date. Trying to read.
2026-04-01 10:37:17,391 [Worker-2: Loading available Gradle versions] INFO  o.e.b.c.i.u.g.PublishedGradleVersions - Gradle version information cache is up-to-date. Trying to read.
2026-04-01 10:38:10,760 [Worker-11: Building] INFO  o.a.m.s.f.DefaultMavenResourcesFiltering - skip non existing resourceDirectory D:\SeleniumBasics\selenium\src\main\resources
2026-04-01 10:38:10,767 [Worker-11: Building] INFO  o.a.m.s.f.DefaultMavenResourcesFiltering - skip non existing resourceDirectory D:\SeleniumBasics\selenium\src\test\resources
2026-04-01 10:58:13,734 [Worker-26: Launching Flipkart] INFO  o.a.m.s.f.DefaultMavenResourcesFiltering - skip non existing resourceDirectory D:\SeleniumBasics\selenium\src\main\resources
2026-04-01 10:58:13,741 [Worker-26: Launching Flipkart] INFO  o.a.m.s.f.DefaultMavenResourcesFiltering - skip non existing resourceDirectory D:\SeleniumBasics\selenium\src\test\resources
2026-04-01 11:00:25,820 [Worker-26: Launching Flipkart] INFO  o.a.m.s.f.DefaultMavenResourcesFiltering - skip non existing resourceDirectory D:\SeleniumBasics\selenium\src\main\resources
2026-04-01 11:00:25,826 [Worker-26: Launching Flipkart] INFO  o.a.m.s.f.DefaultMavenResourcesFiltering - skip non existing resourceDirectory D:\SeleniumBasics\selenium\src\test\resources
2026-04-01 11:01:54,127 [Worker-26: Launching Flipkart] INFO  o.a.m.s.f.DefaultMavenResourcesFiltering - skip non existing resourceDirectory D:\SeleniumBasics\selenium\src\main\resources
2026-04-01 11:01:54,132 [Worker-26: Launching Flipkart] INFO  o.a.m.s.f.DefaultMavenResourcesFiltering - skip non existing resourceDirectory D:\SeleniumBasics\selenium\src\test\resources
2026-04-01 11:15:50,453 [Worker-34: Launching Flipkart] INFO  o.a.m.s.f.DefaultMavenResourcesFiltering - skip non existing resourceDirectory D:\SeleniumBasics\selenium\src\main\resources
2026-04-01 11:15:50,461 [Worker-34: Launching Flipkart] INFO  o.a.m.s.f.DefaultMavenResourcesFiltering - skip non existing resourceDirectory D:\SeleniumBasics\selenium\src\test\resources
2026-04-01 11:20:55,437 [Worker-44: Building] INFO  o.a.m.s.f.DefaultMavenResourcesFiltering - skip non existing resourceDirectory D:\SeleniumBasics\selenium\src\main\resources
2026-04-01 11:20:55,443 [Worker-44: Building] INFO  o.a.m.s.f.DefaultMavenResourcesFiltering - skip non existing resourceDirectory D:\SeleniumBasics\selenium\src\test\resources
2026-04-01 11:28:55,365 [Worker-44: Building] INFO  o.a.m.s.f.DefaultMavenResourcesFiltering - skip non existing resourceDirectory D:\SeleniumBasics\selenium\src\main\resources
2026-04-01 11:28:55,372 [Worker-44: Building] INFO  o.a.m.s.f.DefaultMavenResourcesFiltering - skip non existing resourceDirectory D:\SeleniumBasics\selenium\src\test\resources
2026-04-01 11:29:13,487 [Worker-44: Building] INFO  o.a.m.s.f.DefaultMavenResourcesFiltering - skip non existing resourceDirectory D:\SeleniumBasics\selenium\src\main\resources
2026-04-01 11:29:13,493 [Worker-44: Building] INFO  o.a.m.s.f.DefaultMavenResourcesFiltering - skip non existing resourceDirectory D:\SeleniumBasics\selenium\src\test\resources
2026-04-01 11:29:20,807 [Worker-42: Launching Flipkart] INFO  o.a.m.s.f.DefaultMavenResourcesFiltering - skip non existing resourceDirectory D:\SeleniumBasics\selenium\src\main\resources
2026-04-01 11:29:20,814 [Worker-42: Launching Flipkart] INFO  o.a.m.s.f.DefaultMavenResourcesFiltering - skip non existing resourceDirectory D:\SeleniumBasics\selenium\src\test\resources
2026-04-01 11:33:19,104 [Worker-48: Launching Flipkart] INFO  o.a.m.s.f.DefaultMavenResourcesFiltering - skip non existing resourceDirectory D:\SeleniumBasics\selenium\src\main\resources
2026-04-01 11:33:19,108 [Worker-48: Launching Flipkart] INFO  o.a.m.s.f.DefaultMavenResourcesFiltering - skip non existing resourceDirectory D:\SeleniumBasics\selenium\src\test\resources
2026-04-01 11:34:26,773 [Worker-4: Loading available Gradle versions] INFO  o.e.b.c.i.u.g.PublishedGradleVersions - Gradle version information cache is up-to-date. Trying to read.
2026-04-01 11:35:18,213 [Worker-3: Building] INFO  o.a.m.s.f.DefaultMavenResourcesFiltering - skip non existing resourceDirectory C:\Users\Reshma\git\repository\selenium\src\main\resources
2026-04-01 11:35:18,224 [Worker-3: Building] INFO  o.a.m.s.f.DefaultMavenResourcesFiltering - skip non existing resourceDirectory C:\Users\Reshma\git\repository\selenium\src\test\resources
2026-04-01 11:35:40,491 [Worker-15: Building] INFO  o.a.m.s.f.DefaultMavenResourcesFiltering - skip non existing resourceDirectory C:\Users\Reshma\git\repository\selenium\src\main\resources
2026-04-01 11:35:40,496 [Worker-15: Building] INFO  o.a.m.s.f.DefaultMavenResourcesFiltering - skip non existing resourceDirectory C:\Users\Reshma\git\repository\selenium\src\test\resources
2026-04-01 11:38:43,689 [Worker-30: Building] INFO  o.a.m.s.f.DefaultMavenResourcesFiltering - skip non existing resourceDirectory C:\Users\Reshma\git\repository\selenium\src\main\resources
2026-04-01 11:38:43,693 [Worker-30: Building] INFO  o.a.m.s.f.DefaultMavenResourcesFiltering - skip non existing resourceDirectory C:\Users\Reshma\git\repository\selenium\src\test\resources
2026-04-01 11:39:11,926 [Worker-32: Building] INFO  o.a.m.s.f.DefaultMavenResourcesFiltering - skip non existing resourceDirectory C:\Users\Reshma\git\repository\selenium\src\main\resources
2026-04-01 11:39:11,931 [Worker-32: Building] INFO  o.a.m.s.f.DefaultMavenResourcesFiltering - skip non existing resourceDirectory C:\Users\Reshma\git\repository\selenium\src\test\resources
2026-04-01 11:39:32,980 [Worker-31: Building] INFO  o.a.m.s.f.DefaultMavenResourcesFiltering - skip non existing resourceDirectory C:\Users\Reshma\git\repository\selenium\src\main\resources
2026-04-01 11:39:32,986 [Worker-31: Building] INFO  o.a.m.s.f.DefaultMavenResourcesFiltering - skip non existing resourceDirectory C:\Users\Reshma\git\repository\selenium\src\test\resources
2026-04-01 11:40:09,139 [Worker-33: Launching FlipkartSelenium] INFO  o.a.m.s.f.DefaultMavenResourcesFiltering - skip non existing resourceDirectory C:\Users\Reshma\git\repository\selenium\src\main\resources
2026-04-01 11:40:09,145 [Worker-33: Launching FlipkartSelenium] INFO  o.a.m.s.f.DefaultMavenResourcesFiltering - skip non existing resourceDirectory C:\Users\Reshma\git\repository\selenium\src\test\resources
2026-04-01 11:50:22,013 [Worker-34: Building] INFO  o.a.m.s.f.DefaultMavenResourcesFiltering - skip non existing resourceDirectory C:\Users\Reshma\git\repository\selenium\src\main\resources
2026-04-01 11:50:22,020 [Worker-34: Building] INFO  o.a.m.s.f.DefaultMavenResourcesFiltering - skip non existing resourceDirectory C:\Users\Reshma\git\repository\selenium\src\test\resources
2026-04-01 11:50:26,854 [Worker-37: Launching FlipkartSelenium] INFO  o.a.m.s.f.DefaultMavenResourcesFiltering - skip non existing resourceDirectory C:\Users\Reshma\git\repository\selenium\src\main\resources
2026-04-01 11:50:26,859 [Worker-37: Launching FlipkartSelenium] INFO  o.a.m.s.f.DefaultMavenResourcesFiltering - skip non existing resourceDirectory C:\Users\Reshma\git\repository\selenium\src\test\resources
2026-04-01 14:10:04,575 [Worker-1: Loading available Gradle versions] INFO  o.e.b.c.i.u.g.PublishedGradleVersions - Gradle version information cache is up-to-date. Trying to read.
2026-04-01 14:31:22,598 [Worker-2: Loading available Gradle versions] INFO  o.e.b.c.i.u.g.PublishedGradleVersions - Gradle version information cache is up-to-date. Trying to read.
2026-04-01 14:31:38,671 [Worker-9: Building] INFO  o.a.m.s.f.DefaultMavenResourcesFiltering - skip non existing resourceDirectory C:\Users\Reshma\git\repository\selenium\src\main\resources
2026-04-01 14:31:38,679 [Worker-9: Building] INFO  o.a.m.s.f.DefaultMavenResourcesFiltering - skip non existing resourceDirectory C:\Users\Reshma\git\repository\selenium\src\test\resources
2026-04-01 14:36:30,992 [Worker-26: Launching Test] INFO  o.a.m.s.f.DefaultMavenResourcesFiltering - skip non existing resourceDirectory C:\Users\Reshma\git\repository\selenium\src\main\resources
2026-04-01 14:36:30,997 [Worker-26: Launching Test] INFO  o.a.m.s.f.DefaultMavenResourcesFiltering - skip non existing resourceDirectory C:\Users\Reshma\git\repository\selenium\src\test\resources
2026-04-01 15:43:36,691 [Worker-30: Building] INFO  o.a.m.s.f.DefaultMavenResourcesFiltering - skip non existing resourceDirectory C:\Users\Reshma\git\repository\selenium\src\main\resources
2026-04-01 15:43:36,695 [Worker-30: Building] INFO  o.a.m.s.f.DefaultMavenResourcesFiltering - skip non existing resourceDirectory C:\Users\Reshma\git\repository\selenium\src\test\resources
2026-04-01 15:43:44,201 [Worker-30: Building] INFO  o.a.m.s.f.DefaultMavenResourcesFiltering - skip non existing resourceDirectory C:\Users\Reshma\git\repository\selenium\src\main\resources
2026-04-01 15:43:44,207 [Worker-30: Building] INFO  o.a.m.s.f.DefaultMavenResourcesFiltering - skip non existing resourceDirectory C:\Users\Reshma\git\repository\selenium\src\test\resources
2026-04-01 15:44:05,873 [Worker-30: Launching Test] INFO  o.a.m.s.f.DefaultMavenResourcesFiltering - skip non existing resourceDirectory C:\Users\Reshma\git\repository\selenium\src\main\resources
2026-04-01 15:44:05,887 [Worker-30: Launching Test] INFO  o.a.m.s.f.DefaultMavenResourcesFiltering - skip non existing resourceDirectory C:\Users\Reshma\git\repository\selenium\src\test\resources
2026-04-01 15:46:27,477 [Worker-31: Building] INFO  o.a.m.s.f.DefaultMavenResourcesFiltering - skip non existing resourceDirectory C:\Users\Reshma\git\repository\selenium\src\main\resources
2026-04-01 15:46:27,484 [Worker-31: Building] INFO  o.a.m.s.f.DefaultMavenResourcesFiltering - skip non existing resourceDirectory C:\Users\Reshma\git\repository\selenium\src\test\resources
2026-04-01 16:38:41,616 [Worker-48: Launching Test] INFO  o.a.m.s.f.DefaultMavenResourcesFiltering - skip non existing resourceDirectory C:\Users\Reshma\git\repository\selenium\src\main\resources
2026-04-01 16:38:41,627 [Worker-48: Launching Test] INFO  o.a.m.s.f.DefaultMavenResourcesFiltering - skip non existing resourceDirectory C:\Users\Reshma\git\repository\selenium\src\test\resources
2026-04-01 19:33:54,393 [Worker-1: Loading available Gradle versions] INFO  o.e.b.c.i.u.g.PublishedGradleVersions - Gradle version information cache is up-to-date. Trying to read.
2026-04-01 20:25:05,984 [Worker-2: Loading available Gradle versions] INFO  o.e.b.c.i.u.g.PublishedGradleVersions - Gradle version information cache is up-to-date. Trying to read.
2026-04-01 20:33:35,806 [Worker-31: Launching Test] INFO  o.a.m.s.f.DefaultMavenResourcesFiltering - skip non existing resourceDirectory C:\Users\Reshma\git\repository\selenium\src\main\resources
2026-04-01 20:33:35,812 [Worker-31: Launching Test] INFO  o.a.m.s.f.DefaultMavenResourcesFiltering - skip non existing resourceDirectory C:\Users\Reshma\git\repository\selenium\src\test\resources
2026-04-02 09:59:23,169 [Worker-48: Launching Test] INFO  o.a.m.s.f.DefaultMavenResourcesFiltering - skip non existing resourceDirectory C:\Users\Reshma\git\repository\selenium\src\main\resources
2026-04-02 09:59:23,180 [Worker-48: Launching Test] INFO  o.a.m.s.f.DefaultMavenResourcesFiltering - skip non existing resourceDirectory C:\Users\Reshma\git\repository\selenium\src\test\resources
2026-04-02 11:28:56,294 [Worker-74: Building] INFO  o.a.m.s.f.DefaultMavenResourcesFiltering - skip non existing resourceDirectory C:\Users\Reshma\git\repository\selenium\src\main\resources
2026-04-02 11:28:56,298 [Worker-74: Building] INFO  o.a.m.s.f.DefaultMavenResourcesFiltering - skip non existing resourceDirectory C:\Users\Reshma\git\repository\selenium\src\test\resources
2026-04-02 11:37:57,049 [Worker-78: Building] INFO  o.a.m.s.f.DefaultMavenResourcesFiltering - skip non existing resourceDirectory C:\Users\Reshma\git\repository\selenium\src\main\resources
2026-04-02 11:37:57,053 [Worker-78: Building] INFO  o.a.m.s.f.DefaultMavenResourcesFiltering - skip non existing resourceDirectory C:\Users\Reshma\git\repository\selenium\src\test\resources
2026-04-02 21:55:48,693 [Worker-106: Building] INFO  o.a.m.s.f.DefaultMavenResourcesFiltering - skip non existing resourceDirectory C:\Users\Reshma\git\repository\selenium\src\main\resources
2026-04-02 21:55:48,701 [Worker-106: Building] INFO  o.a.m.s.f.DefaultMavenResourcesFiltering - skip non existing resourceDirectory C:\Users\Reshma\git\repository\selenium\src\test\resources
2026-04-04 15:07:36,489 [Worker-5: Loading available Gradle versions] INFO  o.e.b.c.i.u.g.PublishedGradleVersions - Gradle version information cache is out-of-date. Trying to update.
2026-04-04 15:07:37,310 [Worker-5: Loading available Gradle versions] INFO  o.e.b.c.i.u.g.PublishedGradleVersions - Updating Gradle version information cache failed. Using outdated cache.
2026-04-04 15:09:54,122 [Worker-10: Building] INFO  o.a.m.s.f.DefaultMavenResourcesFiltering - skip non existing resourceDirectory C:\Users\Reshma\git\repository\selenium\src\main\resources
2026-04-04 15:09:54,131 [Worker-10: Building] INFO  o.a.m.s.f.DefaultMavenResourcesFiltering - skip non existing resourceDirectory C:\Users\Reshma\git\repository\selenium\src\test\resources
2026-04-06 09:59:22,812 [Worker-2: Loading available Gradle versions] INFO  o.e.b.c.i.u.g.PublishedGradleVersions - Gradle version information cache is out-of-date. Trying to update.
2026-04-06 11:24:51,652 [Worker-34: Building] INFO  o.a.m.s.f.DefaultMavenResourcesFiltering - skip non existing resourceDirectory C:\Users\Reshma\git\repository\selenium\src\main\resources
2026-04-06 11:24:51,661 [Worker-34: Building] INFO  o.a.m.s.f.DefaultMavenResourcesFiltering - skip non existing resourceDirectory C:\Users\Reshma\git\repository\selenium\src\test\resources
2026-04-06 11:34:32,131 [Worker-38: Launching LinkedIn] INFO  o.a.m.s.f.DefaultMavenResourcesFiltering - skip non existing resourceDirectory C:\Users\Reshma\git\repository\selenium\src\main\resources
2026-04-06 11:34:32,138 [Worker-38: Launching LinkedIn] INFO  o.a.m.s.f.DefaultMavenResourcesFiltering - skip non existing resourceDirectory C:\Users\Reshma\git\repository\selenium\src\test\resources
2026-04-06 11:35:27,548 [Worker-38: Launching LinkedIn] INFO  o.a.m.s.f.DefaultMavenResourcesFiltering - skip non existing resourceDirectory C:\Users\Reshma\git\repository\selenium\src\main\resources
2026-04-06 11:35:27,555 [Worker-38: Launching LinkedIn] INFO  o.a.m.s.f.DefaultMavenResourcesFiltering - skip non existing resourceDirectory C:\Users\Reshma\git\repository\selenium\src\test\resources
2026-04-06 11:38:40,631 [Worker-38: Launching LinkedIn] INFO  o.a.m.s.f.DefaultMavenResourcesFiltering - skip non existing resourceDirectory C:\Users\Reshma\git\repository\selenium\src\main\resources
2026-04-06 11:38:40,637 [Worker-38: Launching LinkedIn] INFO  o.a.m.s.f.DefaultMavenResourcesFiltering - skip non existing resourceDirectory C:\Users\Reshma\git\repository\selenium\src\test\resources
2026-04-06 11:39:16,719 [Worker-34: Launching LinkedIn] INFO  o.a.m.s.f.DefaultMavenResourcesFiltering - skip non existing resourceDirectory C:\Users\Reshma\git\repository\selenium\src\main\resources
2026-04-06 11:39:16,724 [Worker-34: Launching LinkedIn] INFO  o.a.m.s.f.DefaultMavenResourcesFiltering - skip non existing resourceDirectory C:\Users\Reshma\git\repository\selenium\src\test\resources
2026-04-06 11:39:54,070 [Worker-37: Launching LinkedIn] INFO  o.a.m.s.f.DefaultMavenResourcesFiltering - skip non existing resourceDirectory C:\Users\Reshma\git\repository\selenium\src\main\resources
2026-04-06 11:39:54,078 [Worker-37: Launching LinkedIn] INFO  o.a.m.s.f.DefaultMavenResourcesFiltering - skip non existing resourceDirectory C:\Users\Reshma\git\repository\selenium\src\test\resources
2026-04-06 11:40:34,070 [Worker-41: Launching LinkedIn] INFO  o.a.m.s.f.DefaultMavenResourcesFiltering - skip non existing resourceDirectory C:\Users\Reshma\git\repository\selenium\src\main\resources
2026-04-06 11:40:34,074 [Worker-41: Launching LinkedIn] INFO  o.a.m.s.f.DefaultMavenResourcesFiltering - skip non existing resourceDirectory C:\Users\Reshma\git\repository\selenium\src\test\resources
2026-04-06 11:41:44,400 [Worker-41: Launching LinkedIn] INFO  o.a.m.s.f.DefaultMavenResourcesFiltering - skip non existing resourceDirectory C:\Users\Reshma\git\repository\selenium\src\main\resources
2026-04-06 11:41:44,404 [Worker-41: Launching LinkedIn] INFO  o.a.m.s.f.DefaultMavenResourcesFiltering - skip non existing resourceDirectory C:\Users\Reshma\git\repository\selenium\src\test\resources
2026-04-06 11:42:50,582 [Worker-39: Launching LinkedIn] INFO  o.a.m.s.f.DefaultMavenResourcesFiltering - skip non existing resourceDirectory C:\Users\Reshma\git\repository\selenium\src\main\resources
2026-04-06 11:42:50,586 [Worker-39: Launching LinkedIn] INFO  o.a.m.s.f.DefaultMavenResourcesFiltering - skip non existing resourceDirectory C:\Users\Reshma\git\repository\selenium\src\test\resources
2026-04-06 12:16:22,645 [Worker-34: Building] INFO  o.a.m.s.f.DefaultMavenResourcesFiltering - skip non existing resourceDirectory C:\Users\Reshma\git\repository\selenium\src\main\resources
2026-04-06 12:16:22,649 [Worker-34: Building] INFO  o.a.m.s.f.DefaultMavenResourcesFiltering - skip non existing resourceDirectory C:\Users\Reshma\git\repository\selenium\src\test\resources
2026-04-06 12:19:02,055 [Worker-47: Launching BlogEx] INFO  o.a.m.s.f.DefaultMavenResourcesFiltering - skip non existing resourceDirectory C:\Users\Reshma\git\repository\selenium\src\main\resources
2026-04-06 12:19:02,058 [Worker-47: Launching BlogEx] INFO  o.a.m.s.f.DefaultMavenResourcesFiltering - skip non existing resourceDirectory C:\Users\Reshma\git\repository\selenium\src\test\resources
2026-04-06 12:19:18,275 [Worker-47: Launching BlogEx] INFO  o.a.m.s.f.DefaultMavenResourcesFiltering - skip non existing resourceDirectory C:\Users\Reshma\git\repository\selenium\src\main\resources
2026-04-06 12:19:18,280 [Worker-47: Launching BlogEx] INFO  o.a.m.s.f.DefaultMavenResourcesFiltering - skip non existing resourceDirectory C:\Users\Reshma\git\repository\selenium\src\test\resources
2026-04-06 12:19:43,653 [Worker-49: Launching BlogEx] INFO  o.a.m.s.f.DefaultMavenResourcesFiltering - skip non existing resourceDirectory C:\Users\Reshma\git\repository\selenium\src\main\resources
2026-04-06 12:19:43,657 [Worker-49: Launching BlogEx] INFO  o.a.m.s.f.DefaultMavenResourcesFiltering - skip non existing resourceDirectory C:\Users\Reshma\git\repository\selenium\src\test\resources
2026-04-06 12:20:50,826 [Worker-49: Launching BlogEx] INFO  o.a.m.s.f.DefaultMavenResourcesFiltering - skip non existing resourceDirectory C:\Users\Reshma\git\repository\selenium\src\main\resources
2026-04-06 12:20:50,830 [Worker-49: Launching BlogEx] INFO  o.a.m.s.f.DefaultMavenResourcesFiltering - skip non existing resourceDirectory C:\Users\Reshma\git\repository\selenium\src\test\resources
2026-04-06 12:22:43,214 [Worker-49: Building] INFO  o.a.m.s.f.DefaultMavenResourcesFiltering - skip non existing resourceDirectory C:\Users\Reshma\git\repository\selenium\src\main\resources
2026-04-06 12:22:43,217 [Worker-49: Building] INFO  o.a.m.s.f.DefaultMavenResourcesFiltering - skip non existing resourceDirectory C:\Users\Reshma\git\repository\selenium\src\test\resources
2026-04-06 12:26:59,485 [Worker-49: Launching BlogEx] INFO  o.a.m.s.f.DefaultMavenResourcesFiltering - skip non existing resourceDirectory C:\Users\Reshma\git\repository\selenium\src\main\resources
2026-04-06 12:26:59,490 [Worker-49: Launching BlogEx] INFO  o.a.m.s.f.DefaultMavenResourcesFiltering - skip non existing resourceDirectory C:\Users\Reshma\git\repository\selenium\src\test\resources
2026-04-06 12:44:05,244 [Worker-53: Building] INFO  o.a.m.s.f.DefaultMavenResourcesFiltering - skip non existing resourceDirectory C:\Users\Reshma\git\repository\selenium\src\main\resources
2026-04-06 12:44:05,248 [Worker-53: Building] INFO  o.a.m.s.f.DefaultMavenResourcesFiltering - skip non existing resourceDirectory C:\Users\Reshma\git\repository\selenium\src\test\resources
2026-04-06 12:46:09,788 [Worker-55: Launching BlogTimefactor] INFO  o.a.m.s.f.DefaultMavenResourcesFiltering - skip non existing resourceDirectory C:\Users\Reshma\git\repository\selenium\src\main\resources
2026-04-06 12:46:09,793 [Worker-55: Launching BlogTimefactor] INFO  o.a.m.s.f.DefaultMavenResourcesFiltering - skip non existing resourceDirectory C:\Users\Reshma\git\repository\selenium\src\test\resources
2026-04-06 12:50:34,397 [Worker-56: Building] INFO  o.a.m.s.f.DefaultMavenResourcesFiltering - skip non existing resourceDirectory C:\Users\Reshma\git\repository\selenium\src\main\resources
2026-04-06 12:50:34,399 [Worker-56: Building] INFO  o.a.m.s.f.DefaultMavenResourcesFiltering - skip non existing resourceDirectory C:\Users\Reshma\git\repository\selenium\src\test\resources
2026-04-06 12:54:59,893 [Worker-61: Building] INFO  o.a.m.s.f.DefaultMavenResourcesFiltering - skip non existing resourceDirectory C:\Users\Reshma\git\repository\selenium\src\main\resources
2026-04-06 12:54:59,898 [Worker-61: Building] INFO  o.a.m.s.f.DefaultMavenResourcesFiltering - skip non existing resourceDirectory C:\Users\Reshma\git\repository\selenium\src\test\resources
2026-04-06 12:55:22,561 [Worker-62: Launching DynamicHtml] INFO  o.a.m.s.f.DefaultMavenResourcesFiltering - skip non existing resourceDirectory C:\Users\Reshma\git\repository\selenium\src\main\resources
2026-04-06 12:55:22,566 [Worker-62: Launching DynamicHtml] INFO  o.a.m.s.f.DefaultMavenResourcesFiltering - skip non existing resourceDirectory C:\Users\Reshma\git\repository\selenium\src\test\resources
2026-04-06 12:57:52,466 [Worker-60: Launching DynamicHtml] INFO  o.a.m.s.f.DefaultMavenResourcesFiltering - skip non existing resourceDirectory C:\Users\Reshma\git\repository\selenium\src\main\resources
2026-04-06 12:57:52,470 [Worker-60: Launching DynamicHtml] INFO  o.a.m.s.f.DefaultMavenResourcesFiltering - skip non existing resourceDirectory C:\Users\Reshma\git\repository\selenium\src\test\resources
2026-04-06 12:58:43,699 [Worker-62: Launching DynamicHtml] INFO  o.a.m.s.f.DefaultMavenResourcesFiltering - skip non existing resourceDirectory C:\Users\Reshma\git\repository\selenium\src\main\resources
2026-04-06 12:58:43,710 [Worker-62: Launching DynamicHtml] INFO  o.a.m.s.f.DefaultMavenResourcesFiltering - skip non existing resourceDirectory C:\Users\Reshma\git\repository\selenium\src\test\resources
2026-04-06 14:26:47,264 [Worker-63: Building] INFO  o.a.m.s.f.DefaultMavenResourcesFiltering - skip non existing resourceDirectory C:\Users\Reshma\git\repository\selenium\src\main\resources
2026-04-06 14:26:47,269 [Worker-63: Building] INFO  o.a.m.s.f.DefaultMavenResourcesFiltering - skip non existing resourceDirectory C:\Users\Reshma\git\repository\selenium\src\test\resources
2026-04-06 14:40:04,336 [Worker-78: Building] INFO  o.a.m.s.f.DefaultMavenResourcesFiltering - skip non existing resourceDirectory C:\Users\Reshma\git\repository\selenium\src\main\resources
2026-04-06 14:40:04,340 [Worker-78: Building] INFO  o.a.m.s.f.DefaultMavenResourcesFiltering - skip non existing resourceDirectory C:\Users\Reshma\git\repository\selenium\src\test\resources
2026-04-06 14:40:26,974 [Worker-67: Launching ExplicitWait] INFO  o.a.m.s.f.DefaultMavenResourcesFiltering - skip non existing resourceDirectory C:\Users\Reshma\git\repository\selenium\src\main\resources
2026-04-06 14:40:26,980 [Worker-67: Launching ExplicitWait] INFO  o.a.m.s.f.DefaultMavenResourcesFiltering - skip non existing resourceDirectory C:\Users\Reshma\git\repository\selenium\src\test\resources
2026-04-06 14:46:01,632 [Worker-81: Launching ExplicitWait] INFO  o.a.m.s.f.DefaultMavenResourcesFiltering - skip non existing resourceDirectory C:\Users\Reshma\git\repository\selenium\src\main\resources
2026-04-06 14:46:01,636 [Worker-81: Launching ExplicitWait] INFO  o.a.m.s.f.DefaultMavenResourcesFiltering - skip non existing resourceDirectory C:\Users\Reshma\git\repository\selenium\src\test\resources
2026-04-06 14:47:34,756 [Worker-76: Launching ExplicitWait] INFO  o.a.m.s.f.DefaultMavenResourcesFiltering - skip non existing resourceDirectory C:\Users\Reshma\git\repository\selenium\src\main\resources
2026-04-06 14:47:34,760 [Worker-76: Launching ExplicitWait] INFO  o.a.m.s.f.DefaultMavenResourcesFiltering - skip non existing resourceDirectory C:\Users\Reshma\git\repository\selenium\src\test\resources
2026-04-06 14:52:57,703 [Worker-73: Building] INFO  o.a.m.s.f.DefaultMavenResourcesFiltering - skip non existing resourceDirectory C:\Users\Reshma\git\repository\selenium\src\main\resources
2026-04-06 14:52:57,706 [Worker-73: Building] INFO  o.a.m.s.f.DefaultMavenResourcesFiltering - skip non existing resourceDirectory C:\Users\Reshma\git\repository\selenium\src\test\resources
2026-04-06 14:54:48,235 [Worker-80: Launching DynamicHtml] INFO  o.a.m.s.f.DefaultMavenResourcesFiltering - skip non existing resourceDirectory C:\Users\Reshma\git\repository\selenium\src\main\resources
2026-04-06 14:54:48,241 [Worker-80: Launching DynamicHtml] INFO  o.a.m.s.f.DefaultMavenResourcesFiltering - skip non existing resourceDirectory C:\Users\Reshma\git\repository\selenium\src\test\resources
2026-04-06 14:55:18,004 [Worker-83: Building] INFO  o.a.m.s.f.DefaultMavenResourcesFiltering - skip non existing resourceDirectory C:\Users\Reshma\git\repository\selenium\src\main\resources
2026-04-06 14:55:18,009 [Worker-83: Building] INFO  o.a.m.s.f.DefaultMavenResourcesFiltering - skip non existing resourceDirectory C:\Users\Reshma\git\repository\selenium\src\test\resources
2026-04-06 15:17:03,565 [Worker-86: Building] INFO  o.a.m.s.f.DefaultMavenResourcesFiltering - skip non existing resourceDirectory C:\Users\Reshma\git\repository\selenium\src\main\resources
2026-04-06 15:17:03,571 [Worker-86: Building] INFO  o.a.m.s.f.DefaultMavenResourcesFiltering - skip non existing resourceDirectory C:\Users\Reshma\git\repository\selenium\src\test\resources
2026-04-06 15:25:46,794 [Worker-80: Building] INFO  o.a.m.s.f.DefaultMavenResourcesFiltering - skip non existing resourceDirectory C:\Users\Reshma\git\repository\selenium\src\main\resources
2026-04-06 15:25:46,797 [Worker-80: Building] INFO  o.a.m.s.f.DefaultMavenResourcesFiltering - skip non existing resourceDirectory C:\Users\Reshma\git\repository\selenium\src\test\resources
2026-04-06 15:32:18,890 [Worker-80: Building] INFO  o.a.m.s.f.DefaultMavenResourcesFiltering - skip non existing resourceDirectory C:\Users\Reshma\git\repository\selenium\src\main\resources
2026-04-06 15:32:18,896 [Worker-80: Building] INFO  o.a.m.s.f.DefaultMavenResourcesFiltering - skip non existing resourceDirectory C:\Users\Reshma\git\repository\selenium\src\test\resources
2026-04-06 15:32:23,886 [Worker-88: Launching FluentWaitEx] INFO  o.a.m.s.f.DefaultMavenResourcesFiltering - skip non existing resourceDirectory C:\Users\Reshma\git\repository\selenium\src\main\resources
2026-04-06 15:32:23,889 [Worker-88: Launching FluentWaitEx] INFO  o.a.m.s.f.DefaultMavenResourcesFiltering - skip non existing resourceDirectory C:\Users\Reshma\git\repository\selenium\src\test\resources
2026-04-06 16:03:57,655 [Worker-98: Building] INFO  o.a.m.s.f.DefaultMavenResourcesFiltering - skip non existing resourceDirectory C:\Users\Reshma\git\repository\selenium\src\main\resources
2026-04-06 16:03:57,660 [Worker-98: Building] INFO  o.a.m.s.f.DefaultMavenResourcesFiltering - skip non existing resourceDirectory C:\Users\Reshma\git\repository\selenium\src\test\resources
2026-04-06 16:04:51,684 [Worker-99: Launching DynamicHtml2] INFO  o.a.m.s.f.DefaultMavenResourcesFiltering - skip non existing resourceDirectory C:\Users\Reshma\git\repository\selenium\src\main\resources
2026-04-06 16:04:51,688 [Worker-99: Launching DynamicHtml2] INFO  o.a.m.s.f.DefaultMavenResourcesFiltering - skip non existing resourceDirectory C:\Users\Reshma\git\repository\selenium\src\test\resources
2026-04-06 16:05:12,020 [Worker-100: Launching DynamicHtml2] INFO  o.a.m.s.f.DefaultMavenResourcesFiltering - skip non existing resourceDirectory C:\Users\Reshma\git\repository\selenium\src\main\resources
2026-04-06 16:05:12,025 [Worker-100: Launching DynamicHtml2] INFO  o.a.m.s.f.DefaultMavenResourcesFiltering - skip non existing resourceDirectory C:\Users\Reshma\git\repository\selenium\src\test\resources
